<?xml version="1.0" encoding="UTF-8"?>
<!-- Generated by org.testng.reporters.JUnitReportReporter -->
<testsuite hostname="LAPTOP-LQBLGUES" failures="0" tests="2" name="Com.SeleniumFramework.Tests.TestVWOLogin_POM" time="272.010" errors="0" timestamp="2024-07-30T15:08:54 IST" skipped="0">
  <testcase classname="Com.SeleniumFramework.Tests.TestVWOLogin_POM" name="testLoginNegativeVWO" time="135.252"/>
  <testcase classname="Com.SeleniumFramework.Tests.TestVWOLogin_POM" name="testLoginNegativeVWO2" time="136.758"/>
</testsuite> <!-- Com.SeleniumFramework.Tests.TestVWOLogin_POM -->
