<?xml version="1.0" encoding="UTF-8"?>
<!-- Generated by org.testng.reporters.JUnitReportReporter -->
<testsuite hostname="LAPTOP-LQBLGUES" failures="0" tests="2" name="Com.SeleniumFramework.Tests.TestVWOLogin_POM" time="393.417" errors="0" timestamp="2024-07-31T18:43:49 IST" skipped="0">
  <testcase classname="Com.SeleniumFramework.Tests.TestVWOLogin_POM" name="testLoginNegativeVWO2" time="192.646"/>
  <testcase classname="Com.SeleniumFramework.Tests.TestVWOLogin_POM" name="testLoginNegativeVWO" time="200.771"/>
</testsuite> <!-- Com.SeleniumFramework.Tests.TestVWOLogin_POM -->
