<?xml version="1.0" encoding="UTF-8"?>
<!-- Generated by org.testng.reporters.JUnitReportReporter -->
<testsuite hostname="LAPTOP-LQBLGUES" failures="0" tests="1" name="Com.SeleniumFramework.Tests.TestVWOLogin" time="136.664" errors="0" timestamp="2024-07-30T15:08:54 IST" skipped="0">
  <testcase classname="Com.SeleniumFramework.Tests.TestVWOLogin" name="testLoginNegativeVWO" time="136.664"/>
</testsuite> <!-- Com.SeleniumFramework.Tests.TestVWOLogin -->
