<?xml version="1.0" encoding="UTF-8"?>
<!-- Generated by org.testng.reporters.JUnitReportReporter -->
<testsuite hostname="CHNSHL631247L" failures="0" tests="1" name="Com.SeleniumFramework.Tests.TestVWOLogin" time="37.924" errors="0" timestamp="2024-07-26T11:18:35 IST" skipped="0">
  <testcase classname="Com.SeleniumFramework.Tests.TestVWOLogin" name="testLoginNegativeVWO" time="37.924"/>
</testsuite> <!-- Com.SeleniumFramework.Tests.TestVWOLogin -->
